{"/Users/hungnguyen/workspace/storybook-vite/.storybook/preview.ts": {"path":"/Users/hungnguyen/workspace/storybook-vite/.storybook/preview.ts","statementMap":{"0":{"start":{"line":3,"column":25},"end":{"line":19,"column":null}}},"fnMap":{},"branchMap":{},"s":{"0":3},"f":{},"b":{},"meta":{"lastBranch":0,"lastFunction":0,"lastStatement":1,"seen":{"s:3:25:19:Infinity":0}}}
,"/Users/hungnguyen/workspace/storybook-vite/src/stories/Button/Button.tsx": {"path":"/Users/hungnguyen/workspace/storybook-vite/src/stories/Button/Button.tsx","statementMap":{"0":{"start":{"line":28,"column":4},"end":{"line":28,"column":5}},"1":{"start":{"line":17,"column":22},"end":{"line":39,"column":null}},"2":{"start":{"line":24,"column":15},"end":{"line":26,"column":null}},"3":{"start":{"line":27,"column":2},"end":{"line":37,"column":null}}},"fnMap":{"0":{"name":"(anonymous_0)","decl":{"start":{"line":17,"column":22},"end":{"line":17,"column":23}},"loc":{"start":{"line":23,"column":19},"end":{"line":39,"column":null}},"line":23}},"branchMap":{"0":{"loc":{"start":{"line":18,"column":2},"end":{"line":18,"column":null}},"type":"default-arg","locations":[{"start":{"line":18,"column":12},"end":{"line":18,"column":null}}],"line":18},"1":{"loc":{"start":{"line":19,"column":2},"end":{"line":19,"column":null}},"type":"default-arg","locations":[{"start":{"line":19,"column":9},"end":{"line":19,"column":null}}],"line":19},"2":{"loc":{"start":{"line":24,"column":15},"end":{"line":26,"column":null}},"type":"cond-expr","locations":[{"start":{"line":25,"column":6},"end":{"line":25,"column":null}},{"start":{"line":26,"column":6},"end":{"line":26,"column":null}}],"line":24}},"s":{"0":3,"1":3,"2":12,"3":12},"f":{"0":12},"b":{"0":[12],"1":[12],"2":[4,8]},"meta":{"lastBranch":3,"lastFunction":1,"lastStatement":4,"seen":{"s:28:4:28:5":0,"s:17:22:39:Infinity":1,"f:17:22:17:23":0,"b:18:12:18:Infinity":0,"b:19:9:19:Infinity":1,"s:24:15:26:Infinity":2,"b:25:6:25:Infinity:26:6:26:Infinity":2,"s:27:2:37:Infinity":3}}}
,"/Users/hungnguyen/workspace/storybook-vite/src/stories/Button/button.css": {"path":"/Users/hungnguyen/workspace/storybook-vite/src/stories/Button/button.css","statementMap":{},"fnMap":{},"branchMap":{},"s":{},"f":{},"b":{},"meta":{"lastBranch":0,"lastFunction":0,"lastStatement":0,"seen":{}}}
,"/Users/hungnguyen/workspace/storybook-vite/src/stories/Header/Header.tsx": {"path":"/Users/hungnguyen/workspace/storybook-vite/src/stories/Header/Header.tsx","statementMap":{"0":{"start":{"line":31,"column":12},"end":{"line":31,"column":13}},"1":{"start":{"line":15,"column":22},"end":{"line":68,"column":null}},"2":{"start":{"line":21,"column":2},"end":{"line":68,"column":null}}},"fnMap":{"0":{"name":"(anonymous_0)","decl":{"start":{"line":15,"column":22},"end":{"line":15,"column":23}},"loc":{"start":{"line":21,"column":2},"end":{"line":68,"column":null}},"line":21}},"branchMap":{"0":{"loc":{"start":{"line":48,"column":9},"end":{"line":64,"column":null}},"type":"cond-expr","locations":[{"start":{"line":49,"column":10},"end":{"line":54,"column":null}},{"start":{"line":56,"column":10},"end":{"line":64,"column":null}}],"line":48}},"s":{"0":2,"1":2,"2":5},"f":{"0":5},"b":{"0":[2,3]},"meta":{"lastBranch":1,"lastFunction":1,"lastStatement":3,"seen":{"s:31:12:31:13":0,"s:15:22:68:Infinity":1,"f:15:22:15:23":0,"s:21:2:68:Infinity":2,"b:49:10:54:Infinity:56:10:64:Infinity":0}}}
,"/Users/hungnguyen/workspace/storybook-vite/src/stories/Header/header.css": {"path":"/Users/hungnguyen/workspace/storybook-vite/src/stories/Header/header.css","statementMap":{},"fnMap":{},"branchMap":{},"s":{},"f":{},"b":{},"meta":{"lastBranch":0,"lastFunction":0,"lastStatement":0,"seen":{}}}
,"/Users/hungnguyen/workspace/storybook-vite/src/stories/Page/Page.tsx": {"path":"/Users/hungnguyen/workspace/storybook-vite/src/stories/Page/Page.tsx","statementMap":{"0":{"start":{"line":15,"column":6},"end":{"line":15,"column":7}},"1":{"start":{"line":1,"column":18},"end":{"line":1,"column":null}},"2":{"start":{"line":10,"column":30},"end":{"line":91,"column":null}},"3":{"start":{"line":11,"column":26},"end":{"line":11,"column":null}},"4":{"start":{"line":13,"column":2},"end":{"line":89,"column":null}},"5":{"start":{"line":17,"column":23},"end":{"line":17,"column":null}},"6":{"start":{"line":18,"column":24},"end":{"line":18,"column":null}},"7":{"start":{"line":19,"column":31},"end":{"line":19,"column":null}}},"fnMap":{"0":{"name":"(anonymous_0)","decl":{"start":{"line":10,"column":30},"end":{"line":10,"column":36}},"loc":{"start":{"line":10,"column":36},"end":{"line":91,"column":null}},"line":10},"1":{"name":"(anonymous_1)","decl":{"start":{"line":17,"column":17},"end":{"line":17,"column":23}},"loc":{"start":{"line":17,"column":23},"end":{"line":17,"column":null}},"line":17},"2":{"name":"(anonymous_2)","decl":{"start":{"line":18,"column":18},"end":{"line":18,"column":24}},"loc":{"start":{"line":18,"column":24},"end":{"line":18,"column":null}},"line":18},"3":{"name":"(anonymous_3)","decl":{"start":{"line":19,"column":25},"end":{"line":19,"column":31}},"loc":{"start":{"line":19,"column":31},"end":{"line":19,"column":null}},"line":19}},"branchMap":{},"s":{"0":1,"1":1,"2":1,"3":3,"4":3,"5":1,"6":0,"7":0},"f":{"0":3,"1":1,"2":0,"3":0},"b":{},"meta":{"lastBranch":0,"lastFunction":4,"lastStatement":8,"seen":{"s:15:6:15:7":0,"s:1:18:1:Infinity":1,"s:10:30:91:Infinity":2,"f:10:30:10:36":0,"s:11:26:11:Infinity":3,"s:13:2:89:Infinity":4,"f:17:17:17:23":1,"s:17:23:17:Infinity":5,"f:18:18:18:24":2,"s:18:24:18:Infinity":6,"f:19:25:19:31":3,"s:19:31:19:Infinity":7}}}
,"/Users/hungnguyen/workspace/storybook-vite/src/stories/Page/page.css": {"path":"/Users/hungnguyen/workspace/storybook-vite/src/stories/Page/page.css","statementMap":{},"fnMap":{},"branchMap":{},"s":{},"f":{},"b":{},"meta":{"lastBranch":0,"lastFunction":0,"lastStatement":0,"seen":{}}}
}
